Flow report for DE1_Basic_Computer
Tue May 12 12:34:17 2026
Quartus II 32-bit Version 13.0.1 Build 232 06/12/2013 Service Pack 1 SJ Full Version


---------------------
; Table of Contents ;
---------------------
  1. Legal Notice
  2. Flow Summary
  3. Flow Settings
  4. Flow Non-Default Global Settings
  5. Flow Elapsed Time
  6. Flow OS Summary
  7. Flow Log
  8. Flow Messages
  9. Flow Suppressed Messages



----------------
; Legal Notice ;
----------------
Copyright (C) 1991-2013 Altera Corporation
Your use of Altera Corporation's design tools, logic functions 
and other software and tools, and its AMPP partner logic 
functions, and any output files from any of the foregoing 
(including device programming or simulation files), and any 
associated documentation or information are expressly subject 
to the terms and conditions of the Altera Program License 
Subscription Agreement, Altera MegaCore Function License 
Agreement, or other applicable license agreement, including, 
without limitation, that your use is for the sole purpose of 
programming logic devices manufactured by Altera and sold by 
Altera or its authorized distributors.  Please refer to the 
applicable agreement for further details.



+---------------------------------------------------------------------------------------+
; Flow Summary                                                                          ;
+------------------------------------+--------------------------------------------------+
; Flow Status                        ; Successful - Tue May 12 12:34:04 2026            ;
; Quartus II 32-bit Version          ; 13.0.1 Build 232 06/12/2013 SP 1 SJ Full Version ;
; Revision Name                      ; DE1_Basic_Computer                               ;
; Top-level Entity Name              ; nios_system                                      ;
; Family                             ; Cyclone II                                       ;
; Device                             ; EP2C20F484C7                                     ;
; Timing Models                      ; Final                                            ;
; Total logic elements               ; 2,406 / 18,752 ( 13 % )                          ;
;     Total combinational functions  ; 2,188 / 18,752 ( 12 % )                          ;
;     Dedicated logic registers      ; 1,473 / 18,752 ( 8 % )                           ;
; Total registers                    ; 1557                                             ;
; Total pins                         ; 54 / 315 ( 17 % )                                ;
; Total virtual pins                 ; 0                                                ;
; Total memory bits                  ; 76,800 / 239,616 ( 32 % )                        ;
; Embedded Multiplier 9-bit elements ; 0 / 52 ( 0 % )                                   ;
; Total PLLs                         ; 0 / 4 ( 0 % )                                    ;
+------------------------------------+--------------------------------------------------+


+-----------------------------------------+
; Flow Settings                           ;
+-------------------+---------------------+
; Option            ; Setting             ;
+-------------------+---------------------+
; Start date & time ; 05/12/2026 12:32:38 ;
; Main task         ; Compilation         ;
; Revision Name     ; DE1_Basic_Computer  ;
+-------------------+---------------------+


+-----------------------------------------------------------------------------------------------------------------------------+
; Flow Non-Default Global Settings                                                                                            ;
+-------------------------------------+---------------------------------------+--------------------+-------------+------------+
; Assignment Name                     ; Value                                 ; Default Value      ; Entity Name ; Section Id ;
+-------------------------------------+---------------------------------------+--------------------+-------------+------------+
; COMPILER_SIGNATURE_ID               ; 44829937160384.177858195813768        ; --                 ; --          ; --         ;
; MAX_CORE_JUNCTION_TEMP              ; 85                                    ; --                 ; --          ; --         ;
; MIN_CORE_JUNCTION_TEMP              ; 0                                     ; --                 ; --          ; --         ;
; PARTITION_COLOR                     ; 2147039                               ; --                 ; nios_system ; Top        ;
; PARTITION_FITTER_PRESERVATION_LEVEL ; PLACEMENT_AND_ROUTING                 ; --                 ; nios_system ; Top        ;
; PARTITION_NETLIST_TYPE              ; SOURCE                                ; --                 ; nios_system ; Top        ;
; POWER_BOARD_THERMAL_MODEL           ; None (CONSERVATIVE)                   ; --                 ; --          ; --         ;
; POWER_PRESET_COOLING_SOLUTION       ; 23 MM HEAT SINK WITH 200 LFPM AIRFLOW ; --                 ; --          ; --         ;
; TOP_LEVEL_ENTITY                    ; nios_system                           ; DE1_Basic_Computer ; --          ; --         ;
+-------------------------------------+---------------------------------------+--------------------+-------------+------------+


+-------------------------------------------------------------------------------------------------------------------------------+
; Flow Elapsed Time                                                                                                             ;
+---------------------------+--------------+-------------------------+---------------------+------------------------------------+
; Module Name               ; Elapsed Time ; Average Processors Used ; Peak Virtual Memory ; Total CPU Time (on all processors) ;
+---------------------------+--------------+-------------------------+---------------------+------------------------------------+
; Analysis & Synthesis      ; 00:00:56     ; 1.0                     ; 478 MB              ; 00:00:15                           ;
; Fitter                    ; 00:00:17     ; 3.5                     ; 770 MB              ; 00:00:10                           ;
; Assembler                 ; 00:00:11     ; 1.0                     ; 407 MB              ; 00:00:01                           ;
; TimeQuest Timing Analyzer ; 00:00:11     ; 1.0                     ; 399 MB              ; 00:00:01                           ;
; Total                     ; 00:01:35     ; --                      ; --                  ; 00:00:27                           ;
+---------------------------+--------------+-------------------------+---------------------+------------------------------------+


+----------------------------------------------------------------------------------------+
; Flow OS Summary                                                                        ;
+---------------------------+------------------+-----------+------------+----------------+
; Module Name               ; Machine Hostname ; OS Name   ; OS Version ; Processor type ;
+---------------------------+------------------+-----------+------------+----------------+
; Analysis & Synthesis      ; a-013840         ; Windows 7 ; 6.2        ; x86_64         ;
; Fitter                    ; a-013840         ; Windows 7 ; 6.2        ; x86_64         ;
; Assembler                 ; a-013840         ; Windows 7 ; 6.2        ; x86_64         ;
; TimeQuest Timing Analyzer ; a-013840         ; Windows 7 ; 6.2        ; x86_64         ;
+---------------------------+------------------+-----------+------------+----------------+


------------
; Flow Log ;
------------
quartus_map --read_settings_files=on --write_settings_files=off DE1_Basic_Computer -c DE1_Basic_Computer
quartus_fit --read_settings_files=off --write_settings_files=off DE1_Basic_Computer -c DE1_Basic_Computer
quartus_asm --read_settings_files=off --write_settings_files=off DE1_Basic_Computer -c DE1_Basic_Computer
quartus_sta DE1_Basic_Computer -c DE1_Basic_Computer



